<?xml version="1.0" encoding="UTF-8"?>
<testsuites>
  <testsuite name="c" filepath="c_test.rb" skipped="0" failures="0" errors="0" tests="1" assertions="0" time="0.3004158000112511">
    <testcase name="test_0001_anonymous" lineno="2" classname="c" assertions="0" time="0.3004158000112511">
    </testcase>
  </testsuite>
</testsuites>
