<?xml version="1.0" encoding="UTF-8"?>
<testsuites>
  <testsuite name="b" filepath="b_test.rb" skipped="0" failures="0" errors="0" tests="1" assertions="0" time="1.0011127999896416">
    <testcase name="test_0001_anonymous" lineno="2" classname="b" assertions="0" time="1.0011127999896416">
    </testcase>
  </testsuite>
</testsuites>
